Updated graph for node:  Ntp 0
Updated graph for node:  Google Cloud Kubernetes 1
Updated graph for node:  Angular V1 2
Updated graph for node:  Alwaysallow Mode 3
Updated graph for node:  Nginx Exploit 4
Updated graph for node:  Sublime Text 5
Updated graph for node:  Code Pythonic 6
Updated graph for node:  Kafka Monitor 7
Updated graph for node:  Maven Shade Plugin 8
Updated graph for node:  Jarke J 9
Updated graph for node:  Hpe 10
Updated graph for node:  Pagoda 11
Updated graph for node:  Trade Select 12
Updated graph for node:  Plasma 13
Updated graph for node:  Sock Socket File Descriptor 14
Updated graph for node:  Illinois 15
Updated graph for node:  X Kubectl-img 16
Updated graph for node:  Fog Creek 17
Updated graph for node:  Bigquery Console 18
Updated graph for node:  Anaconda Navigator 19
Updated graph for node:  Kevin Behr 20
Updated graph for node:  Plan 21
Updated graph for node:  Singlechildrenderobjectelement 22
Updated graph for node:  Es4 23
Updated graph for node:  Dri 24
Updated graph for node:  Lrettig 25
Updated graph for node:  Chunkify 26
Updated graph for node:  Intra-sprint 27
Updated graph for node:  Iranian 28
Updated graph for node:  Ipcc 29
Updated graph for node:  Apollographql 30
Updated graph for node:  Bitonic 31
Updated graph for node:  Amazon Machine Images 32
Updated graph for node:  Grafana Service 33
Updated graph for node:  Lottie Preview 34
Updated graph for node:  Lightning Network 35
Updated graph for node:  Edude03 36
Updated graph for node:  Feeditem 37
Updated graph for node:  Property Spring 38
Updated graph for node:  Seed 39
Updated graph for node:  Github Plugin 40
Updated graph for node:  Getmodule 41
Updated graph for node:  Fskafkaconsumer 42
Updated graph for node:  Experts 43
Updated graph for node:  Hub 44
Updated graph for node:  Glitch 45
Updated graph for node:  Angularjs 46
Updated graph for node:  Great Depression 47
Updated graph for node:  San Diego 48
Updated graph for node:  Cloud Gcp 49
Updated graph for node:  Devops Superpowers 50
Updated graph for node:  Sue Hallen 51
Updated graph for node:  -erroraction 52
Updated graph for node:  Satya Nadella 53
Updated graph for node:  Deamon 54
Updated graph for node:  Philippines 55
Updated graph for node:  Sop 56
Updated graph for node:  Port 47442 57
Updated graph for node:  Mitre 58
Updated graph for node:  Rhcos Iso 59
Updated graph for node:  Joke 60
Updated graph for node:  Famous-carpet 61
Updated graph for node:  Solution 62
Updated graph for node:  Moz 63
Updated graph for node:  Mark-compact 64
Updated graph for node:  Ecs- 65
Updated graph for node:  Googles Dapper 66
Updated graph for node:  Dynamodb Local Jar 67
Updated graph for node:  Carbonapi 68
Updated graph for node:  Namecheap 69
Updated graph for node:  Llvm Interop 70
Updated graph for node:  Space Bar 71
Updated graph for node:  Youth Spark 72
Updated graph for node:  Oregon 73
Updated graph for node:  14 Rules 74
Updated graph for node:  Application-test 75
Updated graph for node:  Login Server 76
Updated graph for node:  Gitlabs Repository 77
Updated graph for node:  Stashing 78
Updated graph for node:  Abc Mega Corporation 79
Updated graph for node:  Net Lambdas 80
Updated graph for node:  Pycharm Community Edition 81
Updated graph for node:  Kountable 82
Updated graph for node:  Commodore 64 83
Updated graph for node:  Python Software Foundation 84
Updated graph for node:  Yours Truly 85
Updated graph for node:  Glue Devendpoint 86
Updated graph for node:  Digitialocean 87
Updated graph for node:  Deveui 88
Updated graph for node:  Cosmos Db Api 89
Updated graph for node:  Ostroms 90
Updated graph for node:  Microsofts Active Server Pages 91
Updated graph for node:  Abyss 92
Updated graph for node:  Pmo 93
Updated graph for node:  Hybrid 94
Updated graph for node:  Hello-world Apps 95
Updated graph for node:  Taskit 96
Updated graph for node:  Locationiq 97
Updated graph for node:  Miguel 98
Updated graph for node:  Peter Norvigs 99
Updated graph for node:  Atmosphere 100
Updated graph for node:  Us West 101
Updated graph for node:  Internetnow 102
Updated graph for node:  Terraform Plan Command 103
Updated graph for node:  Elasticesearch 104
Updated graph for node:  Bash Shell 105
Updated graph for node:  Azure Pipelines Yaml 106
Updated graph for node:  Pharo 107
Updated graph for node:  Interactive Brokers 108
Updated graph for node:  Binaries Repository 109
Updated graph for node:  Libs 110
Updated graph for node:  Nbd 111
Updated graph for node:  Project Gitlab-org 112
Updated graph for node:  Y2k 113
Updated graph for node:  For-in 114
Updated graph for node:  Eager Loading 115
Updated graph for node:  Redis Hash 116
Updated graph for node:  Braintree Payments 117
Updated graph for node:  Tim Peters 118
Updated graph for node:  Graph Database 119
Updated graph for node:  Network Load Balancer 120
Updated graph for node:  Visibilitymap_set 121
Updated graph for node:  Solrcloud 122
Updated graph for node:  Testcontainersand 123
Updated graph for node:  Image Nodes Todom 124
Updated graph for node:  Flagger Canary 125
Updated graph for node:  The Azure Key Vault Env Injector 126
Updated graph for node:  Content-length 127
Updated graph for node:  Hardware_buffer 128
Updated graph for node:  Ex-chro 129
Updated graph for node:  Affine Among 130
Updated graph for node:  Orange 131
Updated graph for node:  Emf 132
Updated graph for node:  Length 133
Updated graph for node:  Pg_dump 134
Updated graph for node:  Experis 135
Updated graph for node:  Devrelcollective 136
Updated graph for node:  Nargs 137
Updated graph for node:  Host Operating System Kernel 138
Updated graph for node:  Variation B 139
Updated graph for node:  Captains 140
Updated graph for node:  Machine Learning Engine 141
Updated graph for node:  Apphttpkernel 142
Updated graph for node:  Suhothayan 143
Updated graph for node:  Istio Mesh Dashboard 144
Updated graph for node:  Configured-prometheus-client 145
Updated graph for node:  Test_ 146
Updated graph for node:  Pvs 147
Updated graph for node:  Param1 148
Updated graph for node:  Fabio_ui_alb_dns 149
Updated graph for node:  Web Sites 150
Updated graph for node:  Radare2 151
Updated graph for node:  Native Select 152
Updated graph for node:  Cqrs 153
Updated graph for node:  European Union 154
Updated graph for node:  Apm 155
Updated graph for node:  In Hell 156
Updated graph for node:  Yegge 157
Updated graph for node:  Docker Security 158
Updated graph for node:  Symfony 159
Updated graph for node:  Ca-certificates 160
Updated graph for node:  Intranetweb 161
Updated graph for node:  External-dns 162
Updated graph for node:  Ec2 Public Cloud Service 163
Updated graph for node:  Windows Vista 164
Updated graph for node:  S Twitter 165
Updated graph for node:  Parsed_recipes 166
Updated graph for node:  Gen 167
Updated graph for node:  Binarybaba 168
Updated graph for node:  Hackers 169
Updated graph for node:  Arduino Uno 170
Updated graph for node:  Js Bcrypt 171
Updated graph for node:  Signin 172
Updated graph for node:  Kearney 173
Updated graph for node:  Emr_bootstrap 174
Updated graph for node:  Model 175
Updated graph for node:  Social Anthropology 176
Updated graph for node:  Api Clientsfollowing 177
Updated graph for node:  Sigmoid Activation Function 178
Updated graph for node:  Zappas 179
Updated graph for node:  Tatsuya6502 180
Updated graph for node:  Invokedynamic 181
Updated graph for node:  Riko 182
Updated graph for node:  Authorizationrightset 183
Updated graph for node:  Func Recycle 184
Updated graph for node:  Chisel Community Conference 185
Updated graph for node:  Keyvault 186
Updated graph for node:  Synchronous Http 187
Updated graph for node:  Scaladsl 188
Updated graph for node:  Inside Azure Ad App 189
Updated graph for node:  Smembers 190
Updated graph for node:  Google Cloud Sdk Documentation 191
Updated graph for node:  Kovairs Platform 192
Updated graph for node:  Net 2 193
Updated graph for node:  Tarun Chadha 194
Updated graph for node:  Dependency Inversion 195
Updated graph for node:  Neha Narkhede 196
Updated graph for node:  Karl E 197
Updated graph for node:  Factory Pattern 198
Updated graph for node:  Aws Devops Blog 199
Updated graph for node:  Learning Haskell 200
Updated graph for node:  Amazon Documentdb 201
Updated graph for node:  The 1040ez 202
Updated graph for node:  Tensorflow Api 203
Updated graph for node:  Unsplash Api 204
Updated graph for node:  Docker Build -t Elastic 205
Updated graph for node:  Instancesdistribution 206
Updated graph for node:  Kraken 207
Updated graph for node:  Lilly Irani 208
Updated graph for node:  X-custom-domain 209
Updated graph for node:  Most Modern Ides 210
Updated graph for node:  Playstore 211
Updated graph for node:  Imap Server 212
Updated graph for node:  Joe Lencioni 213
Updated graph for node:  Will Megson 214
Updated graph for node:  Cfn 215
Updated graph for node:  Transport Package 216
Updated graph for node:  Erc721metadata 217
Updated graph for node:  Primum Non Nocere 218
Updated graph for node:  Cifs Protocol 219
Updated graph for node:  Dot Net Core 220
Updated graph for node:  Vmis 221
Updated graph for node:  Oracle Database 222
Updated graph for node:  Gcloud Iot Registries 223
Updated graph for node:  Technical Authority 224
Updated graph for node:  Podantiaffinity 225
Updated graph for node:  Commercetools 226
Updated graph for node:  Value Stream 227
Updated graph for node:  Asynchronous 228
Updated graph for node:  Ed Fron 229
Updated graph for node:  Ethereum-based 230
Updated graph for node:  Harald Krueger 231
Updated graph for node:  Line 59 232
Updated graph for node:  Nsa 233
Updated graph for node:  Eran Hammer 234
Updated graph for node:  -claire Y 235
Updated graph for node:  Nand Gate 236
Updated graph for node:  Phpstorm 237
Updated graph for node:  Kong-env-staging 238
Updated graph for node:  Vmresourcegroupname 239
Updated graph for node:  Tom Demarco And Timothy Lister 240
Updated graph for node:  Score Collection Service 241
Updated graph for node:  Kubeadm-managed 242
Updated graph for node:  Rle 243
Updated graph for node:  Arduino Platform 244
Updated graph for node:  Chicago Symphony 245
Updated graph for node:  Go-based 246
Updated graph for node:  Harvard Law 247
Updated graph for node:  Pricetable 248
Updated graph for node:  Ballpositiondifference 249
Updated graph for node:  Lion Air Flight 610 250
Updated graph for node:  Sara Ishikawa 251
Updated graph for node:  Manifest Based 252
Updated graph for node:  Matt Parker 253
Updated graph for node:  Mysql Db 254
Updated graph for node:  Dbtype 255
Updated graph for node:  Reliabilitynifi 256
Updated graph for node:  Quickbooks Universal Search 257
Updated graph for node:  Vcl 258
Updated graph for node:  The Desert Of The Real Itself 259
Updated graph for node:  The Power Of Scrum 260
Updated graph for node:  Uks 261
Updated graph for node:  Transmission Control Protocol 262
Updated graph for node:  Tdd Day 263
Updated graph for node:  Roy Fielding 264
Updated graph for node:  Crypt0-crm 265
Updated graph for node:  Firebase Console 266
Updated graph for node:  Tom Reilly 267
Updated graph for node:  Mcontentparent 268
Updated graph for node:  Foit 269
Updated graph for node:  Windows-based 270
Updated graph for node:  Rowid 271
Updated graph for node:  Statefulj 272
Updated graph for node:  Servicecentersupervisor 273
Updated graph for node:  Ux Society 274
Updated graph for node:  Facebook Login 275
Updated graph for node:  Swe 276
Updated graph for node:  Run Java -jar Jenkins 277
Updated graph for node:  Widget Of The Week 278
Updated graph for node:  Rodrigo 279
Updated graph for node:  Cchi 280
Updated graph for node:  Createflight 281
Updated graph for node:  Rendering Isolate 282
Updated graph for node:  Batch Rest 283
Updated graph for node:  Algolia Api 284
Updated graph for node:  Index File 285
Updated graph for node:  Build It And They Will Come 286
Updated graph for node:  Vis 287
Updated graph for node:  Systems 288
Updated graph for node:  Adam Mackintosh 289
Updated graph for node:  Octokit 290
Updated graph for node:  Challengge 291
Updated graph for node:  Mfc-based 292
Updated graph for node:  Ris 293
Updated graph for node:  Cache Populator 294
Updated graph for node:  Javascript-powered 295
Updated graph for node:  Public Stackdriver Github Repository 296
Updated graph for node:  Structuralist 297
Updated graph for node:  Load_time 298
Updated graph for node:  Fundamentalist 299
Updated graph for node:  Username Uri 300
Updated graph for node:  Cooking With Monads 301
Updated graph for node:  Shopback 302
Updated graph for node:  Eventtrackers 303
Updated graph for node:  Augmented Reality 304
Updated graph for node:  9090 305
Updated graph for node:  Clang-format 306
Updated graph for node:  Andy Warzon 307
Updated graph for node:  Lsp 308
Updated graph for node:  Sandeep Gupta 309
Updated graph for node:  Brownfield 310
Updated graph for node:  Microservicea 311
Updated graph for node:  K8s-related 312
Updated graph for node:  Compute Instance 313
Updated graph for node:  Web Usability 314
Updated graph for node:  Sdb 315
Updated graph for node:  Service Account Json 316
Updated graph for node:  Java C 317
Updated graph for node:  Nadler Et Al 318
Updated graph for node:  Npm Run Build 319
Updated graph for node:  Apache Virtual Hosts 320
Updated graph for node:  Rfc2616 321
Updated graph for node:  Jigish Patel 322
Updated graph for node:  Hpa 323
Updated graph for node:  Wheregreaterthan 324
Updated graph for node:  Waterfall Sdlc 325
Updated graph for node:  Identity Access Management 326
Updated graph for node:  Graph Nodes 327
Updated graph for node:  Aerozoom Application Directory 328
Updated graph for node:  Skip_docker 329
Updated graph for node:  Jun Sung Park 330
Updated graph for node:  Ionq 331
Updated graph for node:  Oloo 332
Updated graph for node:  Logback-more-appenders 333
Updated graph for node:  Google Search 334
Updated graph for node:  Administrative Proceeding 335
Updated graph for node:  Cardinality 336
Updated graph for node:  Concurrencylimit 337
Updated graph for node:  Azure Databricks Service 338
Updated graph for node:  Freestyle Project 339
Updated graph for node:  Risc-v Binaries 340
Updated graph for node:  Vpc Cidr 341
Updated graph for node:  Redis In 342
Updated graph for node:  Start-server 343
Updated graph for node:  Barry Overeem 344
Updated graph for node:  Rust-clippy 345
Updated graph for node:  Taocp 346
Updated graph for node:  Gobewteen 347
Updated graph for node:  Watson Technologies 348
Updated graph for node:  Fargates 349
Updated graph for node:  Ibms 350
Updated graph for node:  Wso2 Apim 351
Updated graph for node:  Append 352
Updated graph for node:  Replicaset 353
Updated graph for node:  Prngs 354
Updated graph for node:  Woff 355
Updated graph for node:  Java-land 356
Updated graph for node:  Garden Publish Command 357
Updated graph for node:  Agreement 358
Updated graph for node:  Route53 359
Updated graph for node:  Cxs 360
Updated graph for node:  Kubeflow Pipelines Sdk 361
Updated graph for node:  The Shell 362
Updated graph for node:  Jason Dere 363
Updated graph for node:  Designing 364
Updated graph for node:  Hbs 365
Updated graph for node:  Vistas 366
Updated graph for node:  Keystore 367
Updated graph for node:  Reload-on-rss 368
Updated graph for node:  Good News 369
Updated graph for node:  Tools_products_1 370
Updated graph for node:  Petstore Swagger 371
Updated graph for node:  Security Group 372
Updated graph for node:  Foursquare Or Yelp Api 373
Updated graph for node:  Xfnitity 374
Updated graph for node:  Playstation 375
Updated graph for node:  Azure App Service 376
Updated graph for node:  Juniper Networks 377
Updated graph for node:  Gilded Rose Kata 378
Updated graph for node:  Linux Distributions 379
Updated graph for node:  Kiam Or Kube2iam Namespace 380
Updated graph for node:  Giant Swarm 381
Updated graph for node:  Powder Day 382
Updated graph for node:  Alpine Docker 383
Updated graph for node:  Step Function 384
Updated graph for node:  Linkedin And Quora 385
Updated graph for node:  Python Apartment_scraper 386
Updated graph for node:  Red Box 387
Updated graph for node:  Mukurtu 388
Updated graph for node:  Sql Operations Studio 389
Updated graph for node:  Task Instance 390
Updated graph for node: Updated graph for node:  Calculus-based 0
Updated graph for node:  Atomists 1
Updated graph for node:  Docker Cloud 2
Updated graph for node:  Properties 3
Updated graph for node:  Formula 4
Updated graph for node:  Framework-like 5
Updated graph for node:  Sketch Component 6
Updated graph for node:  Mononoth 7
Updated graph for node:  Eip0 8
Updated graph for node:  Paymentsuccessaction 9
Updated graph for node:  Xnor Gate 10
Updated graph for node:  European Union 11
Updated graph for node:  Deployment Center 12
Updated graph for node:  Azure Event Hub 13
Updated graph for node:  Plutora Analytics 14
Updated graph for node:  Scalaua 15
Updated graph for node:  The Worker 16
Updated graph for node:  --ff-only 17
Updated graph for node:  Mfl 18
Updated graph for node:  Kendrick Lamar 19
Updated graph for node:  Lean Ux 20
Updated graph for node:  Clientsecret 21
Updated graph for node:  S30 22
Updated graph for node:  Conditional-operator 23
Updated graph for node:  Realm 24
Updated graph for node:  Principle Of Least Power 25
Updated graph for node:  Openrisc Gnu Compiler Collection 26
Updated graph for node:  Tasifier 27
Updated graph for node:  Bluetooth 28
Updated graph for node:  Knife 29
Updated graph for node:  The Cloud Server 30
Updated graph for node:  Epic Games 31
Updated graph for node:  Kuber 32
Updated graph for node:  Phpunit 33
Updated graph for node:  Rvexception 34
Updated graph for node:  Arr 35
Updated graph for node:  Web Dashboard 36
Updated graph for node:  Copy2 37
Updated graph for node:  Heapused Field 38
Updated graph for node:  Application Xyz 39
Updated graph for node:  Us-west-2 Lambda 40
Updated graph for node:  Viewcontrollers 41
Updated graph for node:  Stellman 42
Updated graph for node:  Java Hashed 43
Updated graph for node:  Uid 999 44
Updated graph for node:  Fetchmovies 45
Updated graph for node:  Csi 46
Updated graph for node:  Node App 47
Updated graph for node:  Master Server 48
Updated graph for node:  509 Client 49
Updated graph for node:  In-sync Replicas 50
Updated graph for node:  Properties Window 51
Updated graph for node:  Developers 52
Updated graph for node:  Relfilenode 53
Updated graph for node:  Successful 54
Updated graph for node:  Lightning 55
Updated graph for node:  Kubernetes Language 56
Updated graph for node:  Omnichannel 57
Updated graph for node:  S2x 58
Updated graph for node:  Gnl-bulk-check 59
Updated graph for node:  Docker Registrys Api 60
Updated graph for node:  Google Compute Engine Google Compute Engine 61
Updated graph for node:  Bus1 62
Updated graph for node:  Mysql Db 63
Updated graph for node:  Reason 64
Updated graph for node:  Istio-telemetry 65
Updated graph for node:  Oracle Enterprise Identity Management 66
Updated graph for node:  Before_webpage_div 67
Updated graph for node:  All_athena_tables 68
Updated graph for node:  Compareandswap* 69
Updated graph for node:  Java Programming 70
Updated graph for node:  Modus 71
Updated graph for node:  Rubik Cubes 72
Updated graph for node:  Wiley 73
Updated graph for node:  Victor Alor 74
Updated graph for node:  Publishbuildartifact 75
Updated graph for node:  Andrew Hunt 76
Updated graph for node:  Blue Vision Labs 77
Updated graph for node:  Subclasss 78
Updated graph for node:  Networking 79
Updated graph for node:  Brew Doctor 80
Updated graph for node:  Phprevious 81
Updated graph for node:  Bahrain 82
Updated graph for node:  Danielle Barnes 83
Updated graph for node:  Operations Team 84
Updated graph for node:  Javascript-like 85
Updated graph for node:  The Post 86
Updated graph for node:  Jeff Cox 87
Updated graph for node:  Postgis 88
Updated graph for node:  Sql Gs 89
Updated graph for node:  Bitnami 90
Updated graph for node:  Configuring 91
Updated graph for node:  Neha Narkhede 92
Updated graph for node:  Sdb 93
Updated graph for node:  Adn 94
Updated graph for node:  Puppeteer Lambda 95
Updated graph for node:  Star-map 96
Updated graph for node:  Ttm 97
Updated graph for node:  Relational Db 98
Updated graph for node:  You Are Not A Gadget 99
Updated graph for node:  Ggfan 100
Updated graph for node:  Mapr 101
Updated graph for node:  Nuweba 102
Updated graph for node:  Hbase Api 103
Updated graph for node:  Ann Arbor 104
Updated graph for node:  David Anderson 105
Updated graph for node:  Ng-packagr 106
Updated graph for node:  Artcle 107
Updated graph for node:  Internet Gateway Routing Table 108
Updated graph for node:  Psycopg2 109
Updated graph for node:  Watch 110
Updated graph for node:  Owasp 111
Updated graph for node:  Soundclouds 112
Updated graph for node:  Demo-log-format 113
Updated graph for node:  Nerd 114
Updated graph for node:  Infra 115
Updated graph for node:  Psuedo Code 116
Updated graph for node:  Ps1 117
Updated graph for node:  Death Star 118
Updated graph for node:  Kubernetes Architecture 119
Updated graph for node:  S3 Glacier Deep Archive 120
Updated graph for node:  Geo 121
Updated graph for node:  Jar Config 122
Updated graph for node:  Shuffle 123
Updated graph for node:  Metadata Service 124
Updated graph for node:  Service-oriented Architecture 125
Updated graph for node:  Git Webhooks 126
Updated graph for node:  Sync Protocol 127
Updated graph for node:  Loginhandler Function 128
Updated graph for node:  Aws Git-secrets 129
Updated graph for node:  Shapshot 130
Updated graph for node:  Code-sense 131
Updated graph for node:  Slx-vm 132
Updated graph for node:  Openshift 4 133
Updated graph for node:  Cythons Github 134
Updated graph for node:  Addrate 135
Updated graph for node:  Devops-based Ci 136
Updated graph for node:  Kentico Cms 137
Updated graph for node:  Ingress-nginx 138
Updated graph for node:  Cathedral-builder 139
Updated graph for node:  Open Visual Studio 140
Updated graph for node:  Fabio Quickstart 141
Updated graph for node:  Class 10 142
Updated graph for node:  Nodeport 30111 143
Updated graph for node:  Bologna 144
Updated graph for node:  Java Ee 145
Updated graph for node:  K8s-istio-observe-backend 146
Updated graph for node:  Hdp3 147
Updated graph for node:  Tfsate 148
Updated graph for node:  Subarray 149
Updated graph for node:  Lib 150
Updated graph for node:  Step-3 151
Updated graph for node:  Gliffy 152
Updated graph for node:  Ethereum 153
Updated graph for node:  Network Analyst 154
Updated graph for node:  Play Movie-guide 155
Updated graph for node:  Database Management System 156
Updated graph for node:  Epics 157
Updated graph for node:  Apache Zookeeper 158
Updated graph for node:  Tragedy Of The Commons 159
Updated graph for node:  Bal File 160
Updated graph for node:  Helm Docs 161
Updated graph for node:  Drone Etc 162
Updated graph for node:  Tpc-h Dataset 163
Updated graph for node:  Blazemeter 164
Updated graph for node:  Build Quality In 165
Updated graph for node:  Andrew Ng 166
Updated graph for node:  Stitch Labs 167
Updated graph for node:  Graylog-server 168
Updated graph for node:  Mongo Image 169
Updated graph for node:  Apple App 170
Updated graph for node:  Y2k 171
Updated graph for node:  Xcode 10 172
Updated graph for node:  Kafka Dstream 173
Updated graph for node:  Ngrok Authtoken Blah 174
Updated graph for node:  Win32 Api 175
Updated graph for node:  Dominican Republic 176
Updated graph for node:  Java Vms 177
Updated graph for node:  Sphagetti Code 178
Updated graph for node:  Hitech 179
Updated graph for node:  Rectangular Box 180
Updated graph for node:  Wild-west 181
Updated graph for node:  Mapudo 182
Updated graph for node:  Gos Filepath 183
Updated graph for node:  Ami-1234567890xyz 184
Updated graph for node:  Design Details 185
Updated graph for node:  Kubectl Config Current-context 186
Updated graph for node:  Googles Natural Language Api 187
Updated graph for node:  Mixin Composition 188
Updated graph for node:  Principles Of 189
Updated graph for node:  Help Me Out Here 190
Updated graph for node:  Hbase 191
Updated graph for node:  Synchronous Io 192
Updated graph for node:  Alter Index 193
Updated graph for node:  Brocade 194
Updated graph for node:  Kubernetes Native 195
Updated graph for node:  Yml File 196
Updated graph for node:  Jaeger Tracing 197
Updated graph for node:  Kent 198
Updated graph for node:  Templates 199
Updated graph for node:  Greeting Protocol Buffers 200
Updated graph for node:  Nfs-backed 201
Updated graph for node:  Phenomenon 202
Updated graph for node:  Centrifuges 203
Updated graph for node:  342 204
Updated graph for node:  My-dev-image-yo 205
Updated graph for node:  Office_elevationmarker 206
Updated graph for node:  A Pattern Language 207
Updated graph for node:  Pala Muthiah And Jinyang Li 208
Updated graph for node:  Operations Menu 209
Updated graph for node:  Goldilocks 210
Updated graph for node:  Alice 211
Updated graph for node:  --namespace Prisma 212
Updated graph for node:  Getqueuedmessage 213
Updated graph for node:  Agilists 214
Updated graph for node:  Asynchronous 215
Updated graph for node:  Erik Meijer 216
Updated graph for node:  Uuids 217
Updated graph for node:  Chatbot 218
Updated graph for node:  K8s Naming 219
Updated graph for node:  Takephoto 220
Updated graph for node:  Continuous Integration 221
Updated graph for node:  Db Admins 222
Updated graph for node:  Nginx Folder 223
Updated graph for node:  Buck 224
Updated graph for node:  Hmw 225
Updated graph for node:  Wow 226
Updated graph for node:  Regtest 227
Updated graph for node:  Follow-the-sun 228
Updated graph for node:  Tolerate Quadrant 229
Updated graph for node:  Apollo Gateway 230
Updated graph for node:  Enterprise Engineering 231
Updated graph for node:  Ingress-node 232
Updated graph for node:  Go Func 233
Updated graph for node:  Peerset 234
Updated graph for node:  Graylog-3 235
Updated graph for node:  K8s World 236
Updated graph for node:  Jeremy Narby 237
Updated graph for node:  Projectreference 238
Updated graph for node:  Junjie Guan 239
Updated graph for node:  Click Create 240
Updated graph for node:  Namespace Ns2 241
Updated graph for node:  Extreme Programming 242
Updated graph for node:  Kubeflows 243
Updated graph for node:  Kernels 244
Updated graph for node:  Prometheus Kubernetes 245
Updated graph for node:  Gusto 246
Updated graph for node:  Serge 247
Updated graph for node:  Getcommission 248
Updated graph for node:  Principlesofchaos 249
Updated graph for node:  Trademark 250
Updated graph for node:  Softmax Layer 251
Updated graph for node:  Raywenderlich 252
Updated graph for node:  Vincent Teyssier 253
Updated graph for node:  Ceph Binaries 254
Updated graph for node:  Andorid 255
Updated graph for node:  Hood 256
Updated graph for node:  Dsl Trait 257
Updated graph for node:  Henri Hu 258
Updated graph for node:  Blir Du Oppdatert P 259
Updated graph for node:  Assembly 260
Updated graph for node:  Creation 261
Updated graph for node:  Appreciative Inquiry 262
Updated graph for node:  Google Docs 263
Updated graph for node:  Dataops 264
Updated graph for node:  Linkerd 265
Updated graph for node:  Heritage 266
Updated graph for node:  Kubernetes Cncf Rook 267
Updated graph for node:  Cloud Build Page 268
Updated graph for node:  Americano 269
Updated graph for node:  Express Node 270
Updated graph for node:  Applications Persistent Layer 271
Updated graph for node:  Daimler Ag 272
Updated graph for node:  Coregraphics 273
Updated graph for node:  Messagebox 274
Updated graph for node:  Isolatethread 275
Updated graph for node:  React Styleguidist 276
Updated graph for node:  Black Mesa Labs Spartan 7-based S7 Mini Fpga 277
Updated graph for node:  Cli-table 278
Updated graph for node:  Skills Matter 279
Updated graph for node:  Fog Creek 280
Updated graph for node:  Wide-area Network 281
Updated graph for node:  Firestore 282
Updated graph for node:  Saudi Arabia 283
Updated graph for node:  Monorepo 284
Updated graph for node:  Will Martin 285
Updated graph for node:  Husky Configuration 286
Updated graph for node:  Bra-ket Notation 287
Updated graph for node:  Api-name 288
Updated graph for node:  737 289
Updated graph for node:  Bitbucket Pipelines 290
Updated graph for node:  -loption 291
Updated graph for node:  Partitioned 292
Updated graph for node:  Idl-generated Ruby 293
Updated graph for node:  Object Oriented Languages 294
Updated graph for node:  Scrape 295
Updated graph for node:  Username 296
Updated graph for node:  Createcallsite Method 297
Updated graph for node:  Wysiwig 298
Updated graph for node:  Data Services Hub 299
Updated graph for node:  Swagger 2 300
Updated graph for node:  I Hear 301
Updated graph for node:  Microsoft Office 365 302
Updated graph for node:  Mail Gem 303
Updated graph for node:  Bulkheadid 304
Updated graph for node:  Athena Tables 305
Updated graph for node:  Equivalent 306
Updated graph for node:  Python Venv 307
Updated graph for node:  Apache Spark-based 308
Updated graph for node:  Kube-opex-analytics 309
Updated graph for node:  Docker-compose Up 310
Updated graph for node:  Trufflehog 311
Updated graph for node:  Controller Service 312
Updated graph for node:  Aws Efs Filesystem 313
Updated graph for node:  Quic 314
Updated graph for node:  Muda 315
Updated graph for node:  Samvl 316
Updated graph for node:  Us North Virginia 317
Updated graph for node:  Phps Fwrite 318
Updated graph for node:  Good News 319
Updated graph for node:  Apache Cassadra 320
Updated graph for node:  Saveastable 321
Updated graph for node:  Aws_apigateway 322
Updated graph for node:  Transform-vue-jsx 323
Updated graph for node:  Asl 324
Updated graph for node:  Dynatrace 325
Updated graph for node:  Google Directions Api 326
Updated graph for node:  Started 327
Updated graph for node:  Information Island 328
Updated graph for node:  Kudu Tablet Server 329
Updated graph for node:  Linux Ec2 330
Updated graph for node:  Api-int 331
Updated graph for node:  D Coordinate 332
Updated graph for node:  Aws Elasticsearch 333
Updated graph for node:  Kyle Kelley 334
Updated graph for node:  Thanos Query Gateway Http Service 335
Updated graph for node:  Systemctl Enable Jenkins 336
Updated graph for node:  1-n 337
Updated graph for node:  The Code 338
Updated graph for node:  Apollo Client 339
Updated graph for node:  Discrete 340
Updated graph for node:  Dbpassword 341
Updated graph for node:  Arraysize 342
Updated graph for node:  Kanban 343
Updated graph for node:  Kubeflow Pipelines Sdk 344
Updated graph for node:  Consul Service 345
Updated graph for node:  Django And Psycopg2 346
Updated graph for node:  Better_brain 347
Updated graph for node:  Docker Images -q 348
Updated graph for node:  Pop3 349
Updated graph for node:  Unzip It 350
Updated graph for node:  Speed_positive_lessthan150_meterbysecond 351
Updated graph for node:  Extract_schema_avro 352
Updated graph for node:  Dbutils Library 353
Updated graph for node:  Domain And Embedding 354
Updated graph for node:  Orderer_ca 355
Updated graph for node:  Falcon 20 356
Updated graph for node:  Namspace 357
Updated graph for node:  Hang Up 358
Updated graph for node:  Azure Cosmosdb 359
Updated graph for node:  React Library 360
Updated graph for node:  Etnsp 361
Updated graph for node:  Wpa_supplicant Services 362
Updated graph for node:  Created 363
Updated graph for node:  Error-ful 364
Updated graph for node:  Open Shard 365
Updated graph for node:  Company-branch-department-g 366
Updated graph for node:  Https Git 367
Updated graph for node:  Sort 368
Updated graph for node:  The New 369
Updated graph for node:  Cryptogen 370
Updated graph for node:  Flask Api 371
Updated graph for node:  Reed 372
Updated graph for node:  Ethereum-based Bud Token 373
Updated graph for node:  Auth0s 374
Updated graph for node:  Gao 375
Updated graph for node:  Inducting 376
Updated graph for node:  Windbgs Dml 377
Updated graph for node:  Sdos 378
Updated graph for node:  Yandex 379
Updated graph for node:  Steve Job 380
Updated graph for node:  Dean Baker 381
Updated graph for node:  Serverless Cold Starts 382
Updated graph for node:  Kapurch 383
Updated graph for node:  Developing World 384
Updated graph for node:  Steps 385
Updated graph for node:  Index File 386
Updated graph for node:  Trace-parent-id 387
Updated graph for node:  Cattle-system Namespace 388
Updated graph for node:  Vim Pom 389
Updated graph for node:  Podsecuritypolicy 390
Updated graph for node:  Xavier Shay 391
Updated graph for node: 